[2024-07-12 05:43:51] IP: ::1 - Username: s - Intento fallido - Credenciales incorrectas
[2024-07-12 05:43:55] IP: ::1 - Username: s - Intento fallido - Credenciales incorrectas
[2024-07-12 05:43:57] IP: ::1 - Username: s - Intento fallido - Credenciales incorrectas
[2024-07-12 05:43:59] IP: ::1 - Username: s - Intento fallido - Límite de intentos superado
[2024-07-12 05:44:04] IP: ::1 - Username: s - Intento fallido - Límite de intentos superado
[2024-07-12 05:45:16] IP: ::1 - Username: a - Intento fallido - Credenciales incorrectas
[2024-07-12 05:46:25] IP: ::1 - Username: 8-992-1814 - Inicio de sesión exitoso
[2024-07-12 05:46:36] IP: ::1 - Username: 8-992-1814 - Inicio de sesión exitoso
[2024-07-12 05:47:02] IP: ::1 - Username: 8-992-1814 - Inicio de sesión exitoso
[2024-07-12 05:47:28] IP: ::1 - Username: 8-992-1814 - Inicio de sesión exitoso
[2024-07-12 05:47:40] IP: ::1 - Username: 8-992-1814 - Inicio de sesión exitoso
[2024-07-12 05:48:03] IP: ::1 - Username: 8-992-1814 - Inicio de sesión exitoso
[2024-07-12 05:51:14] IP: ::1 - Username: 8-992-1814 - Inicio de sesión exitoso
[2024-07-12 05:52:51] IP: ::1 - Username: 8-992-1812 - Inicio de sesión exitoso
[2024-07-12 05:53:14] IP: ::1 - Username: 8-992-181 - Intento fallido - Credenciales incorrectas
[2024-07-12 05:55:01] IP: ::1 - Username: s - Intento fallido - Límite de intentos superado
[2024-07-12 05:55:33] IP: ::1 - Username: abdielsoto@gmail.com - Intento fallido - Credenciales incorrectas
[2024-07-12 05:56:09] IP: ::1 - Username: abdielsoto@gmail.com - Intento fallido - Credenciales incorrectas
[2024-07-12 05:56:11] IP: ::1 - Username: abdielsoto@gmail.com - Intento fallido - Credenciales incorrectas
[2024-07-12 05:56:14] IP: ::1 - Username: abdielsoto@gmail.com - Intento fallido - Credenciales incorrectas
[2024-07-12 05:56:17] IP: ::1 - Username: abdielsoto@gmail.com - Intento fallido - Credenciales incorrectas
[2024-07-12 05:56:23] IP: ::1 - Username: 1 - Intento fallido - Credenciales incorrectas
[2024-07-12 05:56:27] IP: ::1 - Username: 1 - Intento fallido - Credenciales incorrectas
[2024-07-12 05:56:29] IP: ::1 - Username: 1 - Intento fallido - Credenciales incorrectas
[2024-07-12 05:56:31] IP: ::1 - Username: 1 - Intento fallido - Límite de intentos superado
[2024-07-12 05:58:50] IP: ::1 - Username: 8-992-1814 - Inicio de sesión exitoso
